# JRE version: Java(TM) SE Runtime Environment 18.9 (11.0.18+9) (build 11.0.18+9-LTS-195)
# Java VM: Java HotSpot(TM) 64-Bit Server VM 18.9 (11.0.18+9-LTS-195, mixed mode, tiered, compressed oops, g1 gc, windows-amd64)
Heap:
 garbage-first heap   total 106496K, used 100852K [0x00000000c9e00000, 0x0000000100000000)
  region size 1024K, 2 young (2048K), 1 survivors (1024K)
 Metaspace       used 76666K, capacity 77531K, committed 77824K, reserved 1118208K
  class space    used 8235K, capacity 8597K, committed 8704K, reserved 1048576K
GC Heap History (10 events):
Event: 157.492 GC heap before
{Heap before GC invocations=204 (full 0):
 garbage-first heap   total 103424K, used 101869K [0x00000000c9e00000, 0x0000000100000000)
  region size 1024K, 5 young (5120K), 1 survivors (1024K)
 Metaspace       used 76567K, capacity 77403K, committed 77568K, reserved 1118208K
  class space    used 8231K, capacity 8597K, committed 8704K, reserved 1048576K
}
Event: 157.498 GC heap after
{Heap after GC invocations=205 (full 0):
 garbage-first heap   total 104448K, used 98509K [0x00000000c9e00000, 0x0000000100000000)
  region size 1024K, 1 young (1024K), 1 survivors (1024K)
 Metaspace       used 76567K, capacity 77403K, committed 77568K, reserved 1118208K
  class space    used 8231K, capacity 8597K, committed 8704K, reserved 1048576K
}
Event: 158.857 GC heap before
{Heap before GC invocations=205 (full 0):
 garbage-first heap   total 104448K, used 102605K [0x00000000c9e00000, 0x0000000100000000)
  region size 1024K, 5 young (5120K), 1 survivors (1024K)
 Metaspace       used 76567K, capacity 77403K, committed 77568K, reserved 1118208K
  class space    used 8231K, capacity 8597K, committed 8704K, reserved 1048576K
}
Event: 158.866 GC heap after
{Heap after GC invocations=206 (full 0):
 garbage-first heap   total 105472K, used 99344K [0x00000000c9e00000, 0x0000000100000000)
  region size 1024K, 1 young (1024K), 1 survivors (1024K)
 Metaspace       used 76567K, capacity 77403K, committed 77568K, reserved 1118208K
  class space    used 8231K, capacity 8597K, committed 8704K, reserved 1048576K
}
Event: 160.884 GC heap before
{Heap before GC invocations=207 (full 0):
 garbage-first heap   total 105472K, used 103440K [0x00000000c9e00000, 0x0000000100000000)
  region size 1024K, 5 young (5120K), 1 survivors (1024K)
 Metaspace       used 76593K, capacity 77467K, committed 77824K, reserved 1118208K
  class space    used 8231K, capacity 8597K, committed 8704K, reserved 1048576K
}
Event: 160.891 GC heap after
{Heap after GC invocations=208 (full 0):
 garbage-first heap   total 105472K, used 99822K [0x00000000c9e00000, 0x0000000100000000)
  region size 1024K, 1 young (1024K), 1 survivors (1024K)
 Metaspace       used 76593K, capacity 77467K, committed 77824K, reserved 1118208K
  class space    used 8231K, capacity 8597K, committed 8704K, reserved 1048576K
}
Event: 162.870 GC heap before
{Heap before GC invocations=208 (full 0):
 garbage-first heap   total 105472K, used 103918K [0x00000000c9e00000, 0x0000000100000000)
  region size 1024K, 5 young (5120K), 1 survivors (1024K)
 Metaspace       used 76659K, capacity 77531K, committed 77824K, reserved 1118208K
  class space    used 8235K, capacity 8597K, committed 8704K, reserved 1048576K
}
Event: 162.875 GC heap after
{Heap after GC invocations=209 (full 0):
 garbage-first heap   total 105472K, used 100275K [0x00000000c9e00000, 0x0000000100000000)
  region size 1024K, 1 young (1024K), 1 survivors (1024K)
 Metaspace       used 76659K, capacity 77531K, committed 77824K, reserved 1118208K
  class space    used 8235K, capacity 8597K, committed 8704K, reserved 1048576K
}
Event: 163.687 GC heap before
{Heap before GC invocations=209 (full 0):
 garbage-first heap   total 105472K, used 104371K [0x00000000c9e00000, 0x0000000100000000)
  region size 1024K, 5 young (5120K), 1 survivors (1024K)
 Metaspace       used 76659K, capacity 77531K, committed 77824K, reserved 1118208K
  class space    used 8235K, capacity 8597K, committed 8704K, reserved 1048576K
}
Event: 163.695 GC heap after
{Heap after GC invocations=210 (full 0):
 garbage-first heap   total 106496K, used 100852K [0x00000000c9e00000, 0x0000000100000000)
  region size 1024K, 1 young (1024K), 1 survivors (1024K)
 Metaspace       used 76659K, capacity 77531K, committed 77824K, reserved 1118208K
  class space    used 8235K, capacity 8597K, committed 8704K, reserved 1048576K
}

