# JRE version: Java(TM) SE Runtime Environment 18.9 (11.0.18+9) (build 11.0.18+9-LTS-195)
# Java VM: Java HotSpot(TM) 64-Bit Server VM 18.9 (11.0.18+9-LTS-195, mixed mode, tiered, compressed oops, g1 gc, windows-amd64)
Heap:
 garbage-first heap   total 306176K, used 236052K [0x0000000080000000, 0x0000000100000000)
  region size 1024K, 2 young (2048K), 1 survivors (1024K)
 Metaspace       used 144270K, capacity 149286K, committed 149376K, reserved 645120K
  class space    used 18832K, capacity 20817K, committed 20864K, reserved 516096K
GC Heap History (10 events):
Event: 155.756 GC heap before
{Heap before GC invocations=128 (full 0):
 garbage-first heap   total 306176K, used 263573K [0x0000000080000000, 0x0000000100000000)
  region size 1024K, 39 young (39936K), 2 survivors (2048K)
 Metaspace       used 136125K, capacity 140866K, committed 141056K, reserved 638976K
  class space    used 17790K, capacity 19624K, committed 19712K, reserved 516096K
}
Event: 155.768 GC heap after
{Heap after GC invocations=129 (full 0):
 garbage-first heap   total 306176K, used 231090K [0x0000000080000000, 0x0000000100000000)
  region size 1024K, 5 young (5120K), 5 survivors (5120K)
 Metaspace       used 136125K, capacity 140866K, committed 141056K, reserved 638976K
  class space    used 17790K, capacity 19624K, committed 19712K, reserved 516096K
}
Event: 156.863 GC heap before
{Heap before GC invocations=129 (full 0):
 garbage-first heap   total 306176K, used 240306K [0x0000000080000000, 0x0000000100000000)
  region size 1024K, 14 young (14336K), 5 survivors (5120K)
 Metaspace       used 137103K, capacity 141867K, committed 141952K, reserved 638976K
  class space    used 17919K, capacity 19766K, committed 19840K, reserved 516096K
}
Event: 156.879 GC heap after
{Heap after GC invocations=130 (full 0):
 garbage-first heap   total 306176K, used 231778K [0x0000000080000000, 0x0000000100000000)
  region size 1024K, 2 young (2048K), 2 survivors (2048K)
 Metaspace       used 137103K, capacity 141867K, committed 141952K, reserved 638976K
  class space    used 17919K, capacity 19766K, committed 19840K, reserved 516096K
}
Event: 160.278 GC heap before
{Heap before GC invocations=130 (full 0):
 garbage-first heap   total 306176K, used 263522K [0x0000000080000000, 0x0000000100000000)
  region size 1024K, 33 young (33792K), 2 survivors (2048K)
 Metaspace       used 142005K, capacity 146912K, committed 147072K, reserved 643072K
  class space    used 18661K, capacity 20597K, committed 20608K, reserved 516096K
}
Event: 160.289 GC heap after
{Heap after GC invocations=131 (full 0):
 garbage-first heap   total 306176K, used 234403K [0x0000000080000000, 0x0000000100000000)
  region size 1024K, 4 young (4096K), 4 survivors (4096K)
 Metaspace       used 142005K, capacity 146912K, committed 147072K, reserved 643072K
  class space    used 18661K, capacity 20597K, committed 20608K, reserved 516096K
}
Event: 164.228 GC heap before
{Heap before GC invocations=132 (full 0):
 garbage-first heap   total 306176K, used 265123K [0x0000000080000000, 0x0000000100000000)
  region size 1024K, 34 young (34816K), 4 survivors (4096K)
 Metaspace       used 143687K, capacity 148679K, committed 148864K, reserved 645120K
  class space    used 18808K, capacity 20771K, committed 20864K, reserved 516096K
}
Event: 164.243 GC heap after
{Heap after GC invocations=133 (full 0):
 garbage-first heap   total 306176K, used 235667K [0x0000000080000000, 0x0000000100000000)
  region size 1024K, 4 young (4096K), 4 survivors (4096K)
 Metaspace       used 143687K, capacity 148679K, committed 148864K, reserved 645120K
  class space    used 18808K, capacity 20771K, committed 20864K, reserved 516096K
}
Event: 165.194 GC heap before
{Heap before GC invocations=133 (full 0):
 garbage-first heap   total 306176K, used 245907K [0x0000000080000000, 0x0000000100000000)
  region size 1024K, 14 young (14336K), 4 survivors (4096K)
 Metaspace       used 144009K, capacity 149015K, committed 149120K, reserved 645120K
  class space    used 18811K, capacity 20773K, committed 20864K, reserved 516096K
}
Event: 165.210 GC heap after
{Heap after GC invocations=134 (full 0):
 garbage-first heap   total 306176K, used 235854K [0x0000000080000000, 0x0000000100000000)
  region size 1024K, 1 young (1024K), 1 survivors (1024K)
 Metaspace       used 144009K, capacity 149015K, committed 149120K, reserved 645120K
  class space    used 18811K, capacity 20773K, committed 20864K, reserved 516096K
}

