# JRE version: Java(TM) SE Runtime Environment 18.9 (11.0.18+9) (build 11.0.18+9-LTS-195)
# Java VM: Java HotSpot(TM) 64-Bit Server VM 18.9 (11.0.18+9-LTS-195, mixed mode, tiered, compressed oops, g1 gc, windows-amd64)
Heap:
 garbage-first heap   total 176128K, used 97280K [0x0000000080000000, 0x0000000100000000)
  region size 1024K, 3 young (3072K), 3 survivors (3072K)
 Metaspace       used 100001K, capacity 102607K, committed 102656K, reserved 606208K
  class space    used 13249K, capacity 14311K, committed 14336K, reserved 516096K
GC Heap History (10 events):
Event: 127.164 GC heap after
{Heap after GC invocations=129 (full 0):
 garbage-first heap   total 121856K, used 86642K [0x0000000080000000, 0x0000000100000000)
  region size 1024K, 2 young (2048K), 2 survivors (2048K)
 Metaspace       used 94823K, capacity 97278K, committed 97536K, reserved 600064K
  class space    used 12700K, capacity 13718K, committed 13824K, reserved 516096K
}
Event: 127.778 GC heap before
{Heap before GC invocations=129 (full 0):
 garbage-first heap   total 121856K, used 97906K [0x0000000080000000, 0x0000000100000000)
  region size 1024K, 13 young (13312K), 2 survivors (2048K)
 Metaspace       used 96615K, capacity 99094K, committed 99200K, reserved 602112K
  class space    used 12910K, capacity 13915K, committed 13952K, reserved 516096K
}
Event: 127.787 GC heap after
{Heap after GC invocations=130 (full 0):
 garbage-first heap   total 146432K, used 87527K [0x0000000080000000, 0x0000000100000000)
  region size 1024K, 2 young (2048K), 2 survivors (2048K)
 Metaspace       used 96615K, capacity 99094K, committed 99200K, reserved 602112K
  class space    used 12910K, capacity 13915K, committed 13952K, reserved 516096K
}
Event: 128.770 GC heap before
{Heap before GC invocations=130 (full 0):
 garbage-first heap   total 146432K, used 108007K [0x0000000080000000, 0x0000000100000000)
  region size 1024K, 22 young (22528K), 2 survivors (2048K)
 Metaspace       used 97930K, capacity 100348K, committed 100480K, reserved 604160K
  class space    used 13073K, capacity 14095K, committed 14208K, reserved 516096K
}
Event: 128.780 GC heap after
{Heap after GC invocations=131 (full 0):
 garbage-first heap   total 146432K, used 88936K [0x0000000080000000, 0x0000000100000000)
  region size 1024K, 3 young (3072K), 3 survivors (3072K)
 Metaspace       used 97930K, capacity 100348K, committed 100480K, reserved 604160K
  class space    used 13073K, capacity 14095K, committed 14208K, reserved 516096K
}
Event: 130.293 GC heap before
{Heap before GC invocations=131 (full 0):
 garbage-first heap   total 146432K, used 110440K [0x0000000080000000, 0x0000000100000000)
  region size 1024K, 24 young (24576K), 3 survivors (3072K)
 Metaspace       used 98749K, capacity 101242K, committed 101248K, reserved 604160K
  class space    used 13145K, capacity 14206K, committed 14208K, reserved 516096K
}
Event: 130.305 GC heap after
{Heap after GC invocations=132 (full 0):
 garbage-first heap   total 146432K, used 90713K [0x0000000080000000, 0x0000000100000000)
  region size 1024K, 3 young (3072K), 3 survivors (3072K)
 Metaspace       used 98749K, capacity 101242K, committed 101248K, reserved 604160K
  class space    used 13145K, capacity 14206K, committed 14208K, reserved 516096K
}
Event: 130.974 GC heap before
{Heap before GC invocations=132 (full 0):
 garbage-first heap   total 146432K, used 112217K [0x0000000080000000, 0x0000000100000000)
  region size 1024K, 24 young (24576K), 3 survivors (3072K)
 Metaspace       used 99311K, capacity 101819K, committed 102144K, reserved 604160K
  class space    used 13189K, capacity 14242K, committed 14336K, reserved 516096K
}
Event: 130.990 GC heap after
{Heap after GC invocations=133 (full 0):
 garbage-first heap   total 146432K, used 93609K [0x0000000080000000, 0x0000000100000000)
  region size 1024K, 3 young (3072K), 3 survivors (3072K)
 Metaspace       used 99311K, capacity 101819K, committed 102144K, reserved 604160K
  class space    used 13189K, capacity 14242K, committed 14336K, reserved 516096K
}
Event: 131.536 GC heap before
{Heap before GC invocations=133 (full 0):
 garbage-first heap   total 146432K, used 114089K [0x0000000080000000, 0x0000000100000000)
  region size 1024K, 24 young (24576K), 3 survivors (3072K)
 Metaspace       used 100001K, capacity 102607K, committed 102656K, reserved 606208K
  class space    used 13249K, capacity 14311K, committed 14336K, reserved 516096K
}

