# JRE version: Java(TM) SE Runtime Environment 18.9 (11.0.18+9) (build 11.0.18+9-LTS-195)
# Java VM: Java HotSpot(TM) 64-Bit Server VM 18.9 (11.0.18+9-LTS-195, mixed mode, tiered, compressed oops, g1 gc, windows-amd64)
Heap:
 garbage-first heap   total 69632K, used 49461K [0x00000000c9e00000, 0x0000000100000000)
  region size 1024K, 1 young (1024K), 1 survivors (1024K)
 Metaspace       used 61432K, capacity 62174K, committed 62336K, reserved 1103872K
  class space    used 7118K, capacity 7442K, committed 7552K, reserved 1048576K
GC Heap History (10 events):
Event: 98.023 GC heap after
{Heap after GC invocations=47 (full 0):
 garbage-first heap   total 57344K, used 48546K [0x00000000c9e00000, 0x0000000100000000)
  region size 1024K, 1 young (1024K), 1 survivors (1024K)
 Metaspace       used 61391K, capacity 62110K, committed 62336K, reserved 1103872K
  class space    used 7117K, capacity 7442K, committed 7552K, reserved 1048576K
}
Event: 98.437 GC heap before
{Heap before GC invocations=48 (full 0):
 garbage-first heap   total 57344K, used 49570K [0x00000000c9e00000, 0x0000000100000000)
  region size 1024K, 2 young (2048K), 1 survivors (1024K)
 Metaspace       used 61398K, capacity 62110K, committed 62336K, reserved 1103872K
  class space    used 7117K, capacity 7442K, committed 7552K, reserved 1048576K
}
Event: 98.442 GC heap after
{Heap after GC invocations=49 (full 0):
 garbage-first heap   total 57344K, used 48736K [0x00000000c9e00000, 0x0000000100000000)
  region size 1024K, 1 young (1024K), 1 survivors (1024K)
 Metaspace       used 61398K, capacity 62110K, committed 62336K, reserved 1103872K
  class space    used 7117K, capacity 7442K, committed 7552K, reserved 1048576K
}
Event: 98.630 GC heap before
{Heap before GC invocations=49 (full 0):
 garbage-first heap   total 57344K, used 49760K [0x00000000c9e00000, 0x0000000100000000)
  region size 1024K, 2 young (2048K), 1 survivors (1024K)
 Metaspace       used 61409K, capacity 62110K, committed 62336K, reserved 1103872K
  class space    used 7117K, capacity 7442K, committed 7552K, reserved 1048576K
}
Event: 98.635 GC heap after
{Heap after GC invocations=50 (full 0):
 garbage-first heap   total 57344K, used 48946K [0x00000000c9e00000, 0x0000000100000000)
  region size 1024K, 1 young (1024K), 1 survivors (1024K)
 Metaspace       used 61409K, capacity 62110K, committed 62336K, reserved 1103872K
  class space    used 7117K, capacity 7442K, committed 7552K, reserved 1048576K
}
Event: 98.856 GC heap before
{Heap before GC invocations=50 (full 0):
 garbage-first heap   total 57344K, used 49970K [0x00000000c9e00000, 0x0000000100000000)
  region size 1024K, 2 young (2048K), 1 survivors (1024K)
 Metaspace       used 61426K, capacity 62110K, committed 62336K, reserved 1103872K
  class space    used 7117K, capacity 7442K, committed 7552K, reserved 1048576K
}
Event: 98.860 GC heap after
{Heap after GC invocations=51 (full 0):
 garbage-first heap   total 57344K, used 49122K [0x00000000c9e00000, 0x0000000100000000)
  region size 1024K, 1 young (1024K), 1 survivors (1024K)
 Metaspace       used 61426K, capacity 62110K, committed 62336K, reserved 1103872K
  class space    used 7117K, capacity 7442K, committed 7552K, reserved 1048576K
}
Event: 99.080 GC heap before
{Heap before GC invocations=52 (full 0):
 garbage-first heap   total 57344K, used 50146K [0x00000000c9e00000, 0x0000000100000000)
  region size 1024K, 2 young (2048K), 1 survivors (1024K)
 Metaspace       used 61427K, capacity 62110K, committed 62336K, reserved 1103872K
  class space    used 7117K, capacity 7442K, committed 7552K, reserved 1048576K
}
Event: 99.085 GC heap after
{Heap after GC invocations=53 (full 0):
 garbage-first heap   total 57344K, used 49294K [0x00000000c9e00000, 0x0000000100000000)
  region size 1024K, 1 young (1024K), 1 survivors (1024K)
 Metaspace       used 61427K, capacity 62110K, committed 62336K, reserved 1103872K
  class space    used 7117K, capacity 7442K, committed 7552K, reserved 1048576K
}
Event: 99.234 GC heap before
{Heap before GC invocations=53 (full 0):
 garbage-first heap   total 57344K, used 50318K [0x00000000c9e00000, 0x0000000100000000)
  region size 1024K, 2 young (2048K), 1 survivors (1024K)
 Metaspace       used 61432K, capacity 62174K, committed 62336K, reserved 1103872K
  class space    used 7118K, capacity 7442K, committed 7552K, reserved 1048576K
}

