# JRE version: Java(TM) SE Runtime Environment 18.9 (11.0.18+9) (build 11.0.18+9-LTS-195)
# Java VM: Java HotSpot(TM) 64-Bit Server VM 18.9 (11.0.18+9-LTS-195, mixed mode, tiered, compressed oops, g1 gc, windows-amd64)
Heap:
 garbage-first heap   total 306176K, used 228585K [0x0000000080000000, 0x0000000100000000)
  region size 1024K, 17 young (17408K), 3 survivors (3072K)
 Metaspace       used 195231K, capacity 201149K, committed 201244K, reserved 690176K
  class space    used 25130K, capacity 27416K, committed 27420K, reserved 516096K
GC Heap History (10 events):
Event: 1582.806 GC heap before
{Heap before GC invocations=315 (full 0):
 garbage-first heap   total 306176K, used 251381K [0x0000000080000000, 0x0000000100000000)
  region size 1024K, 38 young (38912K), 2 survivors (2048K)
 Metaspace       used 195128K, capacity 201069K, committed 201244K, reserved 690176K
  class space    used 25123K, capacity 27414K, committed 27420K, reserved 516096K
}
Event: 1582.814 GC heap after
{Heap after GC invocations=316 (full 0):
 garbage-first heap   total 306176K, used 214377K [0x0000000080000000, 0x0000000100000000)
  region size 1024K, 2 young (2048K), 2 survivors (2048K)
 Metaspace       used 195128K, capacity 201069K, committed 201244K, reserved 690176K
  class space    used 25123K, capacity 27414K, committed 27420K, reserved 516096K
}
Event: 1585.852 GC heap before
{Heap before GC invocations=316 (full 0):
 garbage-first heap   total 306176K, used 253289K [0x0000000080000000, 0x0000000100000000)
  region size 1024K, 40 young (40960K), 2 survivors (2048K)
 Metaspace       used 195176K, capacity 201080K, committed 201244K, reserved 690176K
  class space    used 25123K, capacity 27415K, committed 27420K, reserved 516096K
}
Event: 1585.858 GC heap after
{Heap after GC invocations=317 (full 0):
 garbage-first heap   total 306176K, used 214841K [0x0000000080000000, 0x0000000100000000)
  region size 1024K, 3 young (3072K), 3 survivors (3072K)
 Metaspace       used 195176K, capacity 201080K, committed 201244K, reserved 690176K
  class space    used 25123K, capacity 27415K, committed 27420K, reserved 516096K
}
Event: 1587.210 GC heap before
{Heap before GC invocations=318 (full 0):
 garbage-first heap   total 306176K, used 254777K [0x0000000080000000, 0x0000000100000000)
  region size 1024K, 42 young (43008K), 3 survivors (3072K)
 Metaspace       used 195178K, capacity 201080K, committed 201244K, reserved 690176K
  class space    used 25123K, capacity 27415K, committed 27420K, reserved 516096K
}
Event: 1587.218 GC heap after
{Heap after GC invocations=319 (full 0):
 garbage-first heap   total 306176K, used 215123K [0x0000000080000000, 0x0000000100000000)
  region size 1024K, 3 young (3072K), 3 survivors (3072K)
 Metaspace       used 195178K, capacity 201080K, committed 201244K, reserved 690176K
  class space    used 25123K, capacity 27415K, committed 27420K, reserved 516096K
}
Event: 1588.228 GC heap before
{Heap before GC invocations=319 (full 0):
 garbage-first heap   total 306176K, used 257107K [0x0000000080000000, 0x0000000100000000)
  region size 1024K, 44 young (45056K), 3 survivors (3072K)
 Metaspace       used 195180K, capacity 201080K, committed 201244K, reserved 690176K
  class space    used 25123K, capacity 27415K, committed 27420K, reserved 516096K
}
Event: 1588.239 GC heap after
{Heap after GC invocations=320 (full 0):
 garbage-first heap   total 306176K, used 214989K [0x0000000080000000, 0x0000000100000000)
  region size 1024K, 3 young (3072K), 3 survivors (3072K)
 Metaspace       used 195180K, capacity 201080K, committed 201244K, reserved 690176K
  class space    used 25123K, capacity 27415K, committed 27420K, reserved 516096K
}
Event: 1591.395 GC heap before
{Heap before GC invocations=321 (full 0):
 garbage-first heap   total 306176K, used 260045K [0x0000000080000000, 0x0000000100000000)
  region size 1024K, 47 young (48128K), 3 survivors (3072K)
 Metaspace       used 195200K, capacity 201148K, committed 201244K, reserved 690176K
  class space    used 25124K, capacity 27416K, committed 27420K, reserved 516096K
}
Event: 1591.405 GC heap after
{Heap after GC invocations=322 (full 0):
 garbage-first heap   total 306176K, used 215273K [0x0000000080000000, 0x0000000100000000)
  region size 1024K, 3 young (3072K), 3 survivors (3072K)
 Metaspace       used 195200K, capacity 201148K, committed 201244K, reserved 690176K
  class space    used 25124K, capacity 27416K, committed 27420K, reserved 516096K
}

