# JRE version: Java(TM) SE Runtime Environment 18.9 (11.0.18+9) (build 11.0.18+9-LTS-195)
# Java VM: Java HotSpot(TM) 64-Bit Server VM 18.9 (11.0.18+9-LTS-195, mixed mode, tiered, compressed oops, g1 gc, windows-amd64)
Heap:
 garbage-first heap   total 316416K, used 311670K [0x0000000080000000, 0x0000000100000000)
  region size 1024K, 15 young (15360K), 2 survivors (2048K)
 Metaspace       used 183142K, capacity 187729K, committed 187904K, reserved 679936K
  class space    used 23240K, capacity 25024K, committed 25088K, reserved 516096K
GC Heap History (10 events):
Event: 1174.638 GC heap after
{Heap after GC invocations=193 (full 0):
 garbage-first heap   total 309248K, used 274351K [0x0000000080000000, 0x0000000100000000)
  region size 1024K, 2 young (2048K), 2 survivors (2048K)
 Metaspace       used 182618K, capacity 187164K, committed 187264K, reserved 679936K
  class space    used 23161K, capacity 24898K, committed 24960K, reserved 516096K
}
Event: 1174.961 GC heap before
{Heap before GC invocations=194 (full 0):
 garbage-first heap   total 309248K, used 287663K [0x0000000080000000, 0x0000000100000000)
  region size 1024K, 15 young (15360K), 2 survivors (2048K)
 Metaspace       used 182626K, capacity 187168K, committed 187264K, reserved 679936K
  class space    used 23163K, capacity 24900K, committed 24960K, reserved 516096K
}
Event: 1174.984 GC heap after
{Heap after GC invocations=195 (full 0):
 garbage-first heap   total 309248K, used 281508K [0x0000000080000000, 0x0000000100000000)
  region size 1024K, 2 young (2048K), 2 survivors (2048K)
 Metaspace       used 182626K, capacity 187168K, committed 187264K, reserved 679936K
  class space    used 23163K, capacity 24900K, committed 24960K, reserved 516096K
}
Event: 1175.077 GC heap before
{Heap before GC invocations=195 (full 0):
 garbage-first heap   total 309248K, used 294820K [0x0000000080000000, 0x0000000100000000)
  region size 1024K, 15 young (15360K), 2 survivors (2048K)
 Metaspace       used 182752K, capacity 187323K, committed 187648K, reserved 679936K
  class space    used 23207K, capacity 24975K, committed 25088K, reserved 516096K
}
Event: 1175.110 GC heap after
{Heap after GC invocations=196 (full 0):
 garbage-first heap   total 311296K, used 284672K [0x0000000080000000, 0x0000000100000000)
  region size 1024K, 2 young (2048K), 2 survivors (2048K)
 Metaspace       used 182752K, capacity 187323K, committed 187648K, reserved 679936K
  class space    used 23207K, capacity 24975K, committed 25088K, reserved 516096K
}
Event: 1175.305 GC heap before
{Heap before GC invocations=196 (full 0):
 garbage-first heap   total 311296K, used 297984K [0x0000000080000000, 0x0000000100000000)
  region size 1024K, 15 young (15360K), 2 survivors (2048K)
 Metaspace       used 182951K, capacity 187546K, committed 187648K, reserved 679936K
  class space    used 23226K, capacity 24990K, committed 25088K, reserved 516096K
}
Event: 1175.327 GC heap after
{Heap after GC invocations=197 (full 0):
 garbage-first heap   total 311296K, used 291840K [0x0000000080000000, 0x0000000100000000)
  region size 1024K, 2 young (2048K), 2 survivors (2048K)
 Metaspace       used 182951K, capacity 187546K, committed 187648K, reserved 679936K
  class space    used 23226K, capacity 24990K, committed 25088K, reserved 516096K
}
Event: 1175.683 GC heap before
{Heap before GC invocations=197 (full 0):
 garbage-first heap   total 311296K, used 305152K [0x0000000080000000, 0x0000000100000000)
  region size 1024K, 15 young (15360K), 2 survivors (2048K)
 Metaspace       used 183101K, capacity 187738K, committed 187904K, reserved 679936K
  class space    used 23244K, capacity 25032K, committed 25088K, reserved 516096K
}
Event: 1175.704 GC heap after
{Heap after GC invocations=198 (full 0):
 garbage-first heap   total 314368K, used 298358K [0x0000000080000000, 0x0000000100000000)
  region size 1024K, 2 young (2048K), 2 survivors (2048K)
 Metaspace       used 183101K, capacity 187738K, committed 187904K, reserved 679936K
  class space    used 23244K, capacity 25032K, committed 25088K, reserved 516096K
}
Event: 1177.618 GC heap before
{Heap before GC invocations=198 (full 0):
 garbage-first heap   total 314368K, used 311670K [0x0000000080000000, 0x0000000100000000)
  region size 1024K, 15 young (15360K), 2 survivors (2048K)
 Metaspace       used 183142K, capacity 187729K, committed 187904K, reserved 679936K
  class space    used 23240K, capacity 25024K, committed 25088K, reserved 516096K
}

