# JRE version: Java(TM) SE Runtime Environment 18.9 (11.0.18+9) (build 11.0.18+9-LTS-195)
# Java VM: Java HotSpot(TM) 64-Bit Server VM 18.9 (11.0.18+9-LTS-195, mixed mode, tiered, compressed oops, g1 gc, windows-amd64)
Heap:
 garbage-first heap   total 165888K, used 102498K [0x0000000080000000, 0x0000000100000000)
  region size 1024K, 1 young (1024K), 1 survivors (1024K)
 Metaspace       used 94041K, capacity 96818K, committed 96896K, reserved 600064K
  class space    used 12500K, capacity 13660K, committed 13696K, reserved 516096K
GC Heap History (10 events):
Event: 122.597 GC heap after
{Heap after GC invocations=143 (full 0):
 garbage-first heap   total 121856K, used 100652K [0x0000000080000000, 0x0000000100000000)
  region size 1024K, 1 young (1024K), 1 survivors (1024K)
 Metaspace       used 93406K, capacity 95971K, committed 96128K, reserved 600064K
  class space    used 12394K, capacity 13438K, committed 13440K, reserved 516096K
}
Event: 122.879 GC heap before
{Heap before GC invocations=143 (full 0):
 garbage-first heap   total 121856K, used 105772K [0x0000000080000000, 0x0000000100000000)
  region size 1024K, 6 young (6144K), 1 survivors (1024K)
 Metaspace       used 93494K, capacity 96101K, committed 96256K, reserved 600064K
  class space    used 12409K, capacity 13502K, committed 13568K, reserved 516096K
}
Event: 122.886 GC heap after
{Heap after GC invocations=144 (full 0):
 garbage-first heap   total 121856K, used 101011K [0x0000000080000000, 0x0000000100000000)
  region size 1024K, 1 young (1024K), 1 survivors (1024K)
 Metaspace       used 93494K, capacity 96101K, committed 96256K, reserved 600064K
  class space    used 12409K, capacity 13502K, committed 13568K, reserved 516096K
}
Event: 123.449 GC heap before
{Heap before GC invocations=144 (full 0):
 garbage-first heap   total 121856K, used 106131K [0x0000000080000000, 0x0000000100000000)
  region size 1024K, 6 young (6144K), 1 survivors (1024K)
 Metaspace       used 93615K, capacity 96289K, committed 96512K, reserved 600064K
  class space    used 12442K, capacity 13550K, committed 13568K, reserved 516096K
}
Event: 123.461 GC heap after
{Heap after GC invocations=145 (full 0):
 garbage-first heap   total 121856K, used 101544K [0x0000000080000000, 0x0000000100000000)
  region size 1024K, 1 young (1024K), 1 survivors (1024K)
 Metaspace       used 93615K, capacity 96289K, committed 96512K, reserved 600064K
  class space    used 12442K, capacity 13550K, committed 13568K, reserved 516096K
}
Event: 124.160 GC heap before
{Heap before GC invocations=146 (full 0):
 garbage-first heap   total 121856K, used 105640K [0x0000000080000000, 0x0000000100000000)
  region size 1024K, 5 young (5120K), 1 survivors (1024K)
 Metaspace       used 93649K, capacity 96327K, committed 96640K, reserved 600064K
  class space    used 12448K, capacity 13583K, committed 13696K, reserved 516096K
}
Event: 124.164 GC heap after
{Heap after GC invocations=147 (full 0):
 garbage-first heap   total 121856K, used 101911K [0x0000000080000000, 0x0000000100000000)
  region size 1024K, 1 young (1024K), 1 survivors (1024K)
 Metaspace       used 93649K, capacity 96327K, committed 96640K, reserved 600064K
  class space    used 12448K, capacity 13583K, committed 13696K, reserved 516096K
}
Event: 124.594 GC heap before
{Heap before GC invocations=147 (full 0):
 garbage-first heap   total 121856K, used 106007K [0x0000000080000000, 0x0000000100000000)
  region size 1024K, 5 young (5120K), 1 survivors (1024K)
 Metaspace       used 93975K, capacity 96754K, committed 96896K, reserved 600064K
  class space    used 12494K, capacity 13660K, committed 13696K, reserved 516096K
}
Event: 124.612 GC heap after
{Heap after GC invocations=148 (full 0):
 garbage-first heap   total 121856K, used 102068K [0x0000000080000000, 0x0000000100000000)
  region size 1024K, 1 young (1024K), 1 survivors (1024K)
 Metaspace       used 93975K, capacity 96754K, committed 96896K, reserved 600064K
  class space    used 12494K, capacity 13660K, committed 13696K, reserved 516096K
}
Event: 124.835 GC heap before
{Heap before GC invocations=148 (full 0):
 garbage-first heap   total 121856K, used 106164K [0x0000000080000000, 0x0000000100000000)
  region size 1024K, 5 young (5120K), 1 survivors (1024K)
 Metaspace       used 94041K, capacity 96818K, committed 96896K, reserved 600064K
  class space    used 12500K, capacity 13660K, committed 13696K, reserved 516096K
}

