# JRE version: Java(TM) SE Runtime Environment 18.9 (11.0.18+9) (build 11.0.18+9-LTS-195)
# Java VM: Java HotSpot(TM) 64-Bit Server VM 18.9 (11.0.18+9-LTS-195, mixed mode, tiered, compressed oops, g1 gc, windows-amd64)
Heap:
 garbage-first heap   total 530432K, used 281383K [0x0000000080000000, 0x0000000100000000)
  region size 1024K, 3 young (3072K), 3 survivors (3072K)
 Metaspace       used 141009K, capacity 145122K, committed 145280K, reserved 643072K
  class space    used 18210K, capacity 19834K, committed 19840K, reserved 516096K
GC Heap History (10 events):
Event: 345.246 GC heap after
{Heap after GC invocations=298 (full 0):
 garbage-first heap   total 286720K, used 252786K [0x0000000080000000, 0x0000000100000000)
  region size 1024K, 2 young (2048K), 2 survivors (2048K)
 Metaspace       used 140233K, capacity 144376K, committed 144512K, reserved 641024K
  class space    used 18145K, capacity 19763K, committed 19840K, reserved 516096K
}
Event: 345.950 GC heap before
{Heap before GC invocations=298 (full 0):
 garbage-first heap   total 286720K, used 265074K [0x0000000080000000, 0x0000000100000000)
  region size 1024K, 14 young (14336K), 2 survivors (2048K)
 Metaspace       used 140283K, capacity 144385K, committed 144512K, reserved 641024K
  class space    used 18149K, capacity 19766K, committed 19840K, reserved 516096K
}
Event: 346.080 GC heap after
{Heap after GC invocations=299 (full 0):
 garbage-first heap   total 344064K, used 259372K [0x0000000080000000, 0x0000000100000000)
  region size 1024K, 2 young (2048K), 2 survivors (2048K)
 Metaspace       used 140283K, capacity 144385K, committed 144512K, reserved 641024K
  class space    used 18149K, capacity 19766K, committed 19840K, reserved 516096K
}
Event: 347.080 GC heap before
{Heap before GC invocations=299 (full 0):
 garbage-first heap   total 344064K, used 277804K [0x0000000080000000, 0x0000000100000000)
  region size 1024K, 20 young (20480K), 2 survivors (2048K)
 Metaspace       used 140375K, capacity 144476K, committed 144768K, reserved 641024K
  class space    used 18162K, capacity 19775K, committed 19840K, reserved 516096K
}
Event: 347.104 GC heap after
{Heap after GC invocations=300 (full 0):
 garbage-first heap   total 344064K, used 268885K [0x0000000080000000, 0x0000000100000000)
  region size 1024K, 3 young (3072K), 3 survivors (3072K)
 Metaspace       used 140375K, capacity 144476K, committed 144768K, reserved 641024K
  class space    used 18162K, capacity 19775K, committed 19840K, reserved 516096K
}
Event: 351.476 GC heap before
{Heap before GC invocations=301 (full 0):
 garbage-first heap   total 344064K, used 285269K [0x0000000080000000, 0x0000000100000000)
  region size 1024K, 19 young (19456K), 3 survivors (3072K)
 Metaspace       used 140578K, capacity 144759K, committed 145024K, reserved 643072K
  class space    used 18170K, capacity 19783K, committed 19840K, reserved 516096K
}
Event: 351.526 GC heap after
{Heap after GC invocations=302 (full 0):
 garbage-first heap   total 344064K, used 274799K [0x0000000080000000, 0x0000000100000000)
  region size 1024K, 3 young (3072K), 3 survivors (3072K)
 Metaspace       used 140578K, capacity 144759K, committed 145024K, reserved 643072K
  class space    used 18170K, capacity 19783K, committed 19840K, reserved 516096K
}
Event: 353.155 GC heap before
{Heap before GC invocations=302 (full 0):
 garbage-first heap   total 344064K, used 289135K [0x0000000080000000, 0x0000000100000000)
  region size 1024K, 17 young (17408K), 3 survivors (3072K)
 Metaspace       used 140610K, capacity 144763K, committed 145024K, reserved 643072K
  class space    used 18171K, capacity 19784K, committed 19840K, reserved 516096K
}
Event: 353.215 GC heap after
{Heap after GC invocations=303 (full 0):
 garbage-first heap   total 344064K, used 278505K [0x0000000080000000, 0x0000000100000000)
  region size 1024K, 3 young (3072K), 3 survivors (3072K)
 Metaspace       used 140610K, capacity 144763K, committed 145024K, reserved 643072K
  class space    used 18171K, capacity 19784K, committed 19840K, reserved 516096K
}
Event: 356.338 GC heap before
{Heap before GC invocations=303 (full 0):
 garbage-first heap   total 344064K, used 292841K [0x0000000080000000, 0x0000000100000000)
  region size 1024K, 17 young (17408K), 3 survivors (3072K)
 Metaspace       used 141009K, capacity 145122K, committed 145280K, reserved 643072K
  class space    used 18210K, capacity 19834K, committed 19840K, reserved 516096K
}

