# JRE version: Java(TM) SE Runtime Environment 18.9 (11.0.18+9) (build 11.0.18+9-LTS-195)
# Java VM: Java HotSpot(TM) 64-Bit Server VM 18.9 (11.0.18+9-LTS-195, mixed mode, tiered, compressed oops, g1 gc, windows-amd64)
Heap:
 garbage-first heap   total 207872K, used 197281K [0x0000000080000000, 0x0000000100000000)
  region size 1024K, 8 young (8192K), 2 survivors (2048K)
 Metaspace       used 117461K, capacity 121316K, committed 121472K, reserved 620544K
  class space    used 15365K, capacity 16952K, committed 17024K, reserved 516096K
GC Heap History (10 events):
Event: 326.275 GC heap before
{Heap before GC invocations=217 (full 0):
 garbage-first heap   total 201728K, used 198192K [0x0000000080000000, 0x0000000100000000)
  region size 1024K, 9 young (9216K), 2 survivors (2048K)
 Metaspace       used 117321K, capacity 121222K, committed 121472K, reserved 620544K
  class space    used 15351K, capacity 16945K, committed 17024K, reserved 516096K
}
Event: 326.295 GC heap after
{Heap after GC invocations=218 (full 0):
 garbage-first heap   total 201728K, used 191434K [0x0000000080000000, 0x0000000100000000)
  region size 1024K, 2 young (2048K), 2 survivors (2048K)
 Metaspace       used 117321K, capacity 121222K, committed 121472K, reserved 620544K
  class space    used 15351K, capacity 16945K, committed 17024K, reserved 516096K
}
Event: 326.564 GC heap before
{Heap before GC invocations=218 (full 0):
 garbage-first heap   total 201728K, used 198602K [0x0000000080000000, 0x0000000100000000)
  region size 1024K, 9 young (9216K), 2 survivors (2048K)
 Metaspace       used 117321K, capacity 121222K, committed 121472K, reserved 620544K
  class space    used 15351K, capacity 16945K, committed 17024K, reserved 516096K
}
Event: 326.586 GC heap after
{Heap after GC invocations=219 (full 0):
 garbage-first heap   total 202752K, used 191853K [0x0000000080000000, 0x0000000100000000)
  region size 1024K, 2 young (2048K), 2 survivors (2048K)
 Metaspace       used 117321K, capacity 121222K, committed 121472K, reserved 620544K
  class space    used 15351K, capacity 16945K, committed 17024K, reserved 516096K
}
Event: 327.707 GC heap before
{Heap before GC invocations=219 (full 0):
 garbage-first heap   total 202752K, used 199021K [0x0000000080000000, 0x0000000100000000)
  region size 1024K, 9 young (9216K), 2 survivors (2048K)
 Metaspace       used 117321K, capacity 121222K, committed 121472K, reserved 620544K
  class space    used 15351K, capacity 16945K, committed 17024K, reserved 516096K
}
Event: 327.715 GC heap after
{Heap after GC invocations=220 (full 0):
 garbage-first heap   total 202752K, used 192094K [0x0000000080000000, 0x0000000100000000)
  region size 1024K, 2 young (2048K), 2 survivors (2048K)
 Metaspace       used 117321K, capacity 121222K, committed 121472K, reserved 620544K
  class space    used 15351K, capacity 16945K, committed 17024K, reserved 516096K
}
Event: 328.625 GC heap before
{Heap before GC invocations=220 (full 0):
 garbage-first heap   total 204800K, used 203358K [0x0000000080000000, 0x0000000100000000)
  region size 1024K, 9 young (9216K), 2 survivors (2048K)
 Metaspace       used 117328K, capacity 121222K, committed 121472K, reserved 620544K
  class space    used 15351K, capacity 16945K, committed 17024K, reserved 516096K
}
Event: 328.647 GC heap after
{Heap after GC invocations=221 (full 0):
 garbage-first heap   total 206848K, used 196629K [0x0000000080000000, 0x0000000100000000)
  region size 1024K, 2 young (2048K), 2 survivors (2048K)
 Metaspace       used 117328K, capacity 121222K, committed 121472K, reserved 620544K
  class space    used 15351K, capacity 16945K, committed 17024K, reserved 516096K
}
Event: 329.087 GC heap before
{Heap before GC invocations=221 (full 0):
 garbage-first heap   total 206848K, used 203797K [0x0000000080000000, 0x0000000100000000)
  region size 1024K, 10 young (10240K), 2 survivors (2048K)
 Metaspace       used 117332K, capacity 121222K, committed 121472K, reserved 620544K
  class space    used 15351K, capacity 16945K, committed 17024K, reserved 516096K
}
Event: 329.100 GC heap after
{Heap after GC invocations=222 (full 0):
 garbage-first heap   total 207872K, used 193185K [0x0000000080000000, 0x0000000100000000)
  region size 1024K, 2 young (2048K), 2 survivors (2048K)
 Metaspace       used 117332K, capacity 121222K, committed 121472K, reserved 620544K
  class space    used 15351K, capacity 16945K, committed 17024K, reserved 516096K
}

