# JRE version: Java(TM) SE Runtime Environment 18.9 (11.0.18+9) (build 11.0.18+9-LTS-195)
# Java VM: Java HotSpot(TM) 64-Bit Server VM 18.9 (11.0.18+9-LTS-195, mixed mode, tiered, compressed oops, g1 gc, windows-amd64)
Heap:
 garbage-first heap   total 57344K, used 26143K [0x0000000080000000, 0x0000000100000000)
  region size 1024K, 11 young (11264K), 2 survivors (2048K)
 Metaspace       used 23167K, capacity 23607K, committed 23936K, reserved 538624K
  class space    used 2933K, capacity 3114K, committed 3200K, reserved 516096K
GC Heap History (10 events):
Event: 14.028 GC heap before
{Heap before GC invocations=3 (full 0):
 garbage-first heap   total 57344K, used 33585K [0x0000000080000000, 0x0000000100000000)
  region size 1024K, 23 young (23552K), 1 survivors (1024K)
 Metaspace       used 11121K, capacity 11395K, committed 11648K, reserved 526336K
  class space    used 1205K, capacity 1311K, committed 1408K, reserved 516096K
}
Event: 14.034 GC heap after
{Heap after GC invocations=4 (full 0):
 garbage-first heap   total 57344K, used 14304K [0x0000000080000000, 0x0000000100000000)
  region size 1024K, 3 young (3072K), 3 survivors (3072K)
 Metaspace       used 11121K, capacity 11395K, committed 11648K, reserved 526336K
  class space    used 1205K, capacity 1311K, committed 1408K, reserved 516096K
}
Event: 20.581 GC heap before
{Heap before GC invocations=4 (full 0):
 garbage-first heap   total 57344K, used 35808K [0x0000000080000000, 0x0000000100000000)
  region size 1024K, 24 young (24576K), 3 survivors (3072K)
 Metaspace       used 17251K, capacity 17624K, committed 17920K, reserved 532480K
  class space    used 2026K, capacity 2178K, committed 2304K, reserved 516096K
}
Event: 20.686 GC heap after
{Heap after GC invocations=5 (full 0):
 garbage-first heap   total 57344K, used 16464K [0x0000000080000000, 0x0000000100000000)
  region size 1024K, 3 young (3072K), 3 survivors (3072K)
 Metaspace       used 17251K, capacity 17624K, committed 17920K, reserved 532480K
  class space    used 2026K, capacity 2178K, committed 2304K, reserved 516096K
}
Event: 21.622 GC heap before
{Heap before GC invocations=5 (full 0):
 garbage-first heap   total 57344K, used 37968K [0x0000000080000000, 0x0000000100000000)
  region size 1024K, 24 young (24576K), 3 survivors (3072K)
 Metaspace       used 19900K, capacity 20278K, committed 20480K, reserved 534528K
  class space    used 2415K, capacity 2553K, committed 2560K, reserved 516096K
}
Event: 21.629 GC heap after
{Heap after GC invocations=6 (full 0):
 garbage-first heap   total 57344K, used 17307K [0x0000000080000000, 0x0000000100000000)
  region size 1024K, 1 young (1024K), 1 survivors (1024K)
 Metaspace       used 19900K, capacity 20278K, committed 20480K, reserved 534528K
  class space    used 2415K, capacity 2553K, committed 2560K, reserved 516096K
}
Event: 22.049 GC heap before
{Heap before GC invocations=6 (full 0):
 garbage-first heap   total 57344K, used 21403K [0x0000000080000000, 0x0000000100000000)
  region size 1024K, 7 young (7168K), 1 survivors (1024K)
 Metaspace       used 20604K, capacity 21089K, committed 21248K, reserved 534528K
  class space    used 2520K, capacity 2700K, committed 2816K, reserved 516096K
}
Event: 22.052 GC heap after
{Heap after GC invocations=7 (full 0):
 garbage-first heap   total 57344K, used 17423K [0x0000000080000000, 0x0000000100000000)
  region size 1024K, 2 young (2048K), 2 survivors (2048K)
 Metaspace       used 20604K, capacity 21089K, committed 21248K, reserved 534528K
  class space    used 2520K, capacity 2700K, committed 2816K, reserved 516096K
}
Event: 23.018 GC heap before
{Heap before GC invocations=8 (full 0):
 garbage-first heap   total 57344K, used 35855K [0x0000000080000000, 0x0000000100000000)
  region size 1024K, 20 young (20480K), 2 survivors (2048K)
 Metaspace       used 22102K, capacity 22590K, committed 22784K, reserved 536576K
  class space    used 2796K, capacity 2968K, committed 3072K, reserved 516096K
}
Event: 23.021 GC heap after
{Heap after GC invocations=9 (full 0):
 garbage-first heap   total 57344K, used 17951K [0x0000000080000000, 0x0000000100000000)
  region size 1024K, 2 young (2048K), 2 survivors (2048K)
 Metaspace       used 22102K, capacity 22590K, committed 22784K, reserved 536576K
  class space    used 2796K, capacity 2968K, committed 3072K, reserved 516096K
}

