# JRE version: Java(TM) SE Runtime Environment 18.9 (11.0.18+9) (build 11.0.18+9-LTS-195)
# Java VM: Java HotSpot(TM) 64-Bit Server VM 18.9 (11.0.18+9-LTS-195, mixed mode, tiered, compressed oops, g1 gc, windows-amd64)
Heap:
 garbage-first heap   total 278528K, used 190026K [0x0000000080000000, 0x0000000100000000)
  region size 1024K, 8 young (8192K), 4 survivors (4096K)
 Metaspace       used 164163K, capacity 168430K, committed 168704K, reserved 663552K
  class space    used 20799K, capacity 22453K, committed 22528K, reserved 516096K
GC Heap History (10 events):
Event: 1699.586 GC heap before
{Heap before GC invocations=195 (full 0):
 garbage-first heap   total 278528K, used 219316K [0x0000000080000000, 0x0000000100000000)
  region size 1024K, 40 young (40960K), 3 survivors (3072K)
 Metaspace       used 154142K, capacity 158054K, committed 158336K, reserved 653312K
  class space    used 19519K, capacity 21057K, committed 21120K, reserved 516096K
}
Event: 1699.611 GC heap after
{Heap after GC invocations=196 (full 0):
 garbage-first heap   total 278528K, used 187925K [0x0000000080000000, 0x0000000100000000)
  region size 1024K, 5 young (5120K), 5 survivors (5120K)
 Metaspace       used 154142K, capacity 158054K, committed 158336K, reserved 653312K
  class space    used 19519K, capacity 21057K, committed 21120K, reserved 516096K
}
Event: 1708.287 GC heap before
{Heap before GC invocations=196 (full 0):
 garbage-first heap   total 278528K, used 223765K [0x0000000080000000, 0x0000000100000000)
  region size 1024K, 41 young (41984K), 5 survivors (5120K)
 Metaspace       used 155299K, capacity 159238K, committed 159488K, reserved 655360K
  class space    used 19652K, capacity 21167K, committed 21248K, reserved 516096K
}
Event: 1708.333 GC heap after
{Heap after GC invocations=197 (full 0):
 garbage-first heap   total 278528K, used 190424K [0x0000000080000000, 0x0000000100000000)
  region size 1024K, 4 young (4096K), 4 survivors (4096K)
 Metaspace       used 155299K, capacity 159238K, committed 159488K, reserved 655360K
  class space    used 19652K, capacity 21167K, committed 21248K, reserved 516096K
}
Event: 1720.804 GC heap before
{Heap before GC invocations=198 (full 0):
 garbage-first heap   total 278528K, used 226264K [0x0000000080000000, 0x0000000100000000)
  region size 1024K, 40 young (40960K), 4 survivors (4096K)
 Metaspace       used 156819K, capacity 160850K, committed 161024K, reserved 657408K
  class space    used 19854K, capacity 21404K, committed 21504K, reserved 516096K
}
Event: 1720.853 GC heap after
{Heap after GC invocations=199 (full 0):
 garbage-first heap   total 278528K, used 192876K [0x0000000080000000, 0x0000000100000000)
  region size 1024K, 3 young (3072K), 3 survivors (3072K)
 Metaspace       used 156819K, capacity 160850K, committed 161024K, reserved 657408K
  class space    used 19854K, capacity 21404K, committed 21504K, reserved 516096K
}
Event: 1722.595 GC heap before
{Heap before GC invocations=199 (full 0):
 garbage-first heap   total 278528K, used 203116K [0x0000000080000000, 0x0000000100000000)
  region size 1024K, 13 young (13312K), 3 survivors (3072K)
 Metaspace       used 157074K, capacity 161174K, committed 161280K, reserved 657408K
  class space    used 19876K, capacity 21446K, committed 21504K, reserved 516096K
}
Event: 1722.649 GC heap after
{Heap after GC invocations=200 (full 0):
 garbage-first heap   total 278528K, used 186664K [0x0000000080000000, 0x0000000100000000)
  region size 1024K, 2 young (2048K), 2 survivors (2048K)
 Metaspace       used 157074K, capacity 161174K, committed 161280K, reserved 657408K
  class space    used 19876K, capacity 21446K, committed 21504K, reserved 516096K
}
Event: 1751.779 GC heap before
{Heap before GC invocations=200 (full 0):
 garbage-first heap   total 278528K, used 224552K [0x0000000080000000, 0x0000000100000000)
  region size 1024K, 40 young (40960K), 2 survivors (2048K)
 Metaspace       used 160673K, capacity 164799K, committed 164992K, reserved 659456K
  class space    used 20401K, capacity 22023K, committed 22144K, reserved 516096K
}
Event: 1751.880 GC heap after
{Heap after GC invocations=201 (full 0):
 garbage-first heap   total 278528K, used 187978K [0x0000000080000000, 0x0000000100000000)
  region size 1024K, 4 young (4096K), 4 survivors (4096K)
 Metaspace       used 160673K, capacity 164799K, committed 164992K, reserved 659456K
  class space    used 20401K, capacity 22023K, committed 22144K, reserved 516096K
}

