# JRE version: Java(TM) SE Runtime Environment 18.9 (11.0.18+9) (build 11.0.18+9-LTS-195)
# Java VM: Java HotSpot(TM) 64-Bit Server VM 18.9 (11.0.18+9-LTS-195, mixed mode, tiered, compressed oops, g1 gc, windows-amd64)
Heap:
 garbage-first heap   total 57344K, used 14545K [0x00000000c9e00000, 0x0000000100000000)
  region size 1024K, 3 young (3072K), 3 survivors (3072K)
 Metaspace       used 29124K, capacity 29464K, committed 29488K, reserved 1083392K
  class space    used 3492K, capacity 3695K, committed 3712K, reserved 1048576K
GC Heap History (10 events):
Event: 1.993 GC heap before
{Heap before GC invocations=0 (full 0):
 garbage-first heap   total 57344K, used 17408K [0x00000000c9e00000, 0x0000000100000000)
  region size 1024K, 14 young (14336K), 0 survivors (0K)
 Metaspace       used 9675K, capacity 9808K, committed 9856K, reserved 1058816K
  class space    used 830K, capacity 885K, committed 896K, reserved 1048576K
}
Event: 2.548 GC heap after
{Heap after GC invocations=1 (full 0):
 garbage-first heap   total 57344K, used 5382K [0x00000000c9e00000, 0x0000000100000000)
  region size 1024K, 2 young (2048K), 2 survivors (2048K)
 Metaspace       used 9675K, capacity 9808K, committed 9856K, reserved 1058816K
  class space    used 830K, capacity 885K, committed 896K, reserved 1048576K
}
Event: 5.553 GC heap before
{Heap before GC invocations=1 (full 0):
 garbage-first heap   total 57344K, used 37126K [0x00000000c9e00000, 0x0000000100000000)
  region size 1024K, 33 young (33792K), 2 survivors (2048K)
 Metaspace       used 15985K, capacity 16175K, committed 16256K, reserved 1064960K
  class space    used 1576K, capacity 1649K, committed 1664K, reserved 1048576K
}
Event: 5.567 GC heap after
{Heap after GC invocations=2 (full 0):
 garbage-first heap   total 57344K, used 8568K [0x00000000c9e00000, 0x0000000100000000)
  region size 1024K, 5 young (5120K), 5 survivors (5120K)
 Metaspace       used 15985K, capacity 16175K, committed 16256K, reserved 1064960K
  class space    used 1576K, capacity 1649K, committed 1664K, reserved 1048576K
}
Event: 8.042 GC heap before
{Heap before GC invocations=2 (full 0):
 garbage-first heap   total 57344K, used 23928K [0x00000000c9e00000, 0x0000000100000000)
  region size 1024K, 21 young (21504K), 5 survivors (5120K)
 Metaspace       used 20927K, capacity 21086K, committed 21296K, reserved 1069056K
  class space    used 2248K, capacity 2313K, committed 2432K, reserved 1048576K
}
Event: 8.058 GC heap after
{Heap after GC invocations=3 (full 0):
 garbage-first heap   total 57344K, used 9361K [0x00000000c9e00000, 0x0000000100000000)
  region size 1024K, 1 young (1024K), 1 survivors (1024K)
 Metaspace       used 20927K, capacity 21086K, committed 21296K, reserved 1069056K
  class space    used 2248K, capacity 2313K, committed 2432K, reserved 1048576K
}
Event: 12.356 GC heap before
{Heap before GC invocations=4 (full 0):
 garbage-first heap   total 57344K, used 33937K [0x00000000c9e00000, 0x0000000100000000)
  region size 1024K, 23 young (23552K), 1 survivors (1024K)
 Metaspace       used 27690K, capacity 28045K, committed 28336K, reserved 1075200K
  class space    used 3056K, capacity 3243K, committed 3328K, reserved 1048576K
}
Event: 12.364 GC heap after
{Heap after GC invocations=5 (full 0):
 garbage-first heap   total 57344K, used 14225K [0x00000000c9e00000, 0x0000000100000000)
  region size 1024K, 3 young (3072K), 3 survivors (3072K)
 Metaspace       used 27690K, capacity 28045K, committed 28336K, reserved 1075200K
  class space    used 3056K, capacity 3243K, committed 3328K, reserved 1048576K
}
Event: 12.900 GC heap before
{Heap before GC invocations=5 (full 0):
 garbage-first heap   total 57344K, used 17297K [0x00000000c9e00000, 0x0000000100000000)
  region size 1024K, 7 young (7168K), 3 survivors (3072K)
 Metaspace       used 29124K, capacity 29464K, committed 29488K, reserved 1081344K
  class space    used 3492K, capacity 3695K, committed 3712K, reserved 1048576K
}
Event: 12.907 GC heap after
{Heap after GC invocations=6 (full 0):
 garbage-first heap   total 57344K, used 14545K [0x00000000c9e00000, 0x0000000100000000)
  region size 1024K, 3 young (3072K), 3 survivors (3072K)
 Metaspace       used 29124K, capacity 29464K, committed 29488K, reserved 1081344K
  class space    used 3492K, capacity 3695K, committed 3712K, reserved 1048576K
}

