# JRE version: Java(TM) SE Runtime Environment 18.9 (11.0.18+9) (build 11.0.18+9-LTS-195)
# Java VM: Java HotSpot(TM) 64-Bit Server VM 18.9 (11.0.18+9-LTS-195, mixed mode, tiered, compressed oops, g1 gc, windows-amd64)
Heap:
 garbage-first heap   total 272384K, used 198810K [0x0000000080000000, 0x0000000100000000)
  region size 1024K, 12 young (12288K), 4 survivors (4096K)
 Metaspace       used 145305K, capacity 149642K, committed 149760K, reserved 647168K
  class space    used 18529K, capacity 20174K, committed 20224K, reserved 516096K
GC Heap History (10 events):
Event: 232.785 GC heap before
{Heap before GC invocations=193 (full 0):
 garbage-first heap   total 272384K, used 228470K [0x0000000080000000, 0x0000000100000000)
  region size 1024K, 40 young (40960K), 1 survivors (1024K)
 Metaspace       used 144268K, capacity 148494K, committed 148608K, reserved 645120K
  class space    used 18403K, capacity 20035K, committed 20096K, reserved 516096K
}
Event: 232.792 GC heap after
{Heap after GC invocations=194 (full 0):
 garbage-first heap   total 272384K, used 189686K [0x0000000080000000, 0x0000000100000000)
  region size 1024K, 2 young (2048K), 2 survivors (2048K)
 Metaspace       used 144268K, capacity 148494K, committed 148608K, reserved 645120K
  class space    used 18403K, capacity 20035K, committed 20096K, reserved 516096K
}
Event: 236.077 GC heap before
{Heap before GC invocations=194 (full 0):
 garbage-first heap   total 272384K, used 229622K [0x0000000080000000, 0x0000000100000000)
  region size 1024K, 41 young (41984K), 2 survivors (2048K)
 Metaspace       used 144868K, capacity 149138K, committed 149248K, reserved 645120K
  class space    used 18485K, capacity 20119K, committed 20224K, reserved 516096K
}
Event: 236.093 GC heap after
{Heap after GC invocations=195 (full 0):
 garbage-first heap   total 272384K, used 189735K [0x0000000080000000, 0x0000000100000000)
  region size 1024K, 2 young (2048K), 2 survivors (2048K)
 Metaspace       used 144868K, capacity 149138K, committed 149248K, reserved 645120K
  class space    used 18485K, capacity 20119K, committed 20224K, reserved 516096K
}
Event: 237.713 GC heap before
{Heap before GC invocations=195 (full 0):
 garbage-first heap   total 272384K, used 230695K [0x0000000080000000, 0x0000000100000000)
  region size 1024K, 42 young (43008K), 2 survivors (2048K)
 Metaspace       used 145077K, capacity 149376K, committed 149504K, reserved 647168K
  class space    used 18510K, capacity 20151K, committed 20224K, reserved 516096K
}
Event: 237.719 GC heap after
{Heap after GC invocations=196 (full 0):
 garbage-first heap   total 272384K, used 190880K [0x0000000080000000, 0x0000000100000000)
  region size 1024K, 3 young (3072K), 3 survivors (3072K)
 Metaspace       used 145077K, capacity 149376K, committed 149504K, reserved 647168K
  class space    used 18510K, capacity 20151K, committed 20224K, reserved 516096K
}
Event: 239.690 GC heap before
{Heap before GC invocations=196 (full 0):
 garbage-first heap   total 272384K, used 232864K [0x0000000080000000, 0x0000000100000000)
  region size 1024K, 44 young (45056K), 3 survivors (3072K)
 Metaspace       used 145123K, capacity 149401K, committed 149504K, reserved 647168K
  class space    used 18515K, capacity 20159K, committed 20224K, reserved 516096K
}
Event: 239.698 GC heap after
{Heap after GC invocations=197 (full 0):
 garbage-first heap   total 272384K, used 190713K [0x0000000080000000, 0x0000000100000000)
  region size 1024K, 3 young (3072K), 3 survivors (3072K)
 Metaspace       used 145123K, capacity 149401K, committed 149504K, reserved 647168K
  class space    used 18515K, capacity 20159K, committed 20224K, reserved 516096K
}
Event: 244.612 GC heap before
{Heap before GC invocations=197 (full 0):
 garbage-first heap   total 272384K, used 232697K [0x0000000080000000, 0x0000000100000000)
  region size 1024K, 44 young (45056K), 3 survivors (3072K)
 Metaspace       used 145292K, capacity 149575K, committed 149760K, reserved 647168K
  class space    used 18529K, capacity 20174K, committed 20224K, reserved 516096K
}
Event: 244.622 GC heap after
{Heap after GC invocations=198 (full 0):
 garbage-first heap   total 272384K, used 191642K [0x0000000080000000, 0x0000000100000000)
  region size 1024K, 4 young (4096K), 4 survivors (4096K)
 Metaspace       used 145292K, capacity 149575K, committed 149760K, reserved 647168K
  class space    used 18529K, capacity 20174K, committed 20224K, reserved 516096K
}

