# JRE version: Java(TM) SE Runtime Environment 18.9 (11.0.18+9) (build 11.0.18+9-LTS-195)
# Java VM: Java HotSpot(TM) 64-Bit Server VM 18.9 (11.0.18+9-LTS-195, mixed mode, tiered, compressed oops, g1 gc, windows-amd64)
Heap:
 garbage-first heap   total 256000K, used 203939K [0x0000000080000000, 0x0000000100000000)
  region size 1024K, 6 young (6144K), 3 survivors (3072K)
 Metaspace       used 117650K, capacity 121567K, committed 121728K, reserved 622592K
  class space    used 15368K, capacity 16956K, committed 17024K, reserved 516096K
GC Heap History (10 events):
Event: 237.942 GC heap after
{Heap after GC invocations=218 (full 0):
 garbage-first heap   total 211968K, used 196728K [0x0000000080000000, 0x0000000100000000)
  region size 1024K, 2 young (2048K), 2 survivors (2048K)
 Metaspace       used 117509K, capacity 121395K, committed 121472K, reserved 620544K
  class space    used 15364K, capacity 16951K, committed 17024K, reserved 516096K
}
Event: 238.199 GC heap before
{Heap before GC invocations=218 (full 0):
 garbage-first heap   total 211968K, used 207992K [0x0000000080000000, 0x0000000100000000)
  region size 1024K, 10 young (10240K), 2 survivors (2048K)
 Metaspace       used 117526K, capacity 121401K, committed 121728K, reserved 622592K
  class space    used 15364K, capacity 16951K, committed 17024K, reserved 516096K
}
Event: 238.207 GC heap after
{Heap after GC invocations=219 (full 0):
 garbage-first heap   total 212992K, used 197477K [0x0000000080000000, 0x0000000100000000)
  region size 1024K, 2 young (2048K), 2 survivors (2048K)
 Metaspace       used 117526K, capacity 121401K, committed 121728K, reserved 622592K
  class space    used 15364K, capacity 16951K, committed 17024K, reserved 516096K
}
Event: 238.743 GC heap before
{Heap before GC invocations=219 (full 0):
 garbage-first heap   total 212992K, used 204645K [0x0000000080000000, 0x0000000100000000)
  region size 1024K, 10 young (10240K), 2 survivors (2048K)
 Metaspace       used 117583K, capacity 121477K, committed 121728K, reserved 622592K
  class space    used 15364K, capacity 16951K, committed 17024K, reserved 516096K
}
Event: 238.752 GC heap after
{Heap after GC invocations=220 (full 0):
 garbage-first heap   total 212992K, used 198111K [0x0000000080000000, 0x0000000100000000)
  region size 1024K, 2 young (2048K), 2 survivors (2048K)
 Metaspace       used 117583K, capacity 121477K, committed 121728K, reserved 622592K
  class space    used 15364K, capacity 16951K, committed 17024K, reserved 516096K
}
Event: 239.058 GC heap before
{Heap before GC invocations=221 (full 0):
 garbage-first heap   total 212992K, used 206303K [0x0000000080000000, 0x0000000100000000)
  region size 1024K, 10 young (10240K), 2 survivors (2048K)
 Metaspace       used 117614K, capacity 121558K, committed 121728K, reserved 622592K
  class space    used 15367K, capacity 16956K, committed 17024K, reserved 516096K
}
Event: 239.066 GC heap after
{Heap after GC invocations=222 (full 0):
 garbage-first heap   total 256000K, used 198831K [0x0000000080000000, 0x0000000100000000)
  region size 1024K, 2 young (2048K), 2 survivors (2048K)
 Metaspace       used 117614K, capacity 121558K, committed 121728K, reserved 622592K
  class space    used 15367K, capacity 16956K, committed 17024K, reserved 516096K
}
Event: 240.332 GC heap before
{Heap before GC invocations=222 (full 0):
 garbage-first heap   total 256000K, used 223407K [0x0000000080000000, 0x0000000100000000)
  region size 1024K, 19 young (19456K), 2 survivors (2048K)
 Metaspace       used 117631K, capacity 121562K, committed 121728K, reserved 622592K
  class space    used 15367K, capacity 16956K, committed 17024K, reserved 516096K
}
Event: 240.375 GC heap after
{Heap after GC invocations=223 (full 0):
 garbage-first heap   total 256000K, used 200094K [0x0000000080000000, 0x0000000100000000)
  region size 1024K, 3 young (3072K), 3 survivors (3072K)
 Metaspace       used 117631K, capacity 121562K, committed 121728K, reserved 622592K
  class space    used 15367K, capacity 16956K, committed 17024K, reserved 516096K
}
Event: 241.243 GC heap before
{Heap before GC invocations=223 (full 0):
 garbage-first heap   total 256000K, used 220574K [0x0000000080000000, 0x0000000100000000)
  region size 1024K, 20 young (20480K), 3 survivors (3072K)
 Metaspace       used 117649K, capacity 121567K, committed 121728K, reserved 622592K
  class space    used 15368K, capacity 16956K, committed 17024K, reserved 516096K
}

