# JRE version: Java(TM) SE Runtime Environment 18.9 (11.0.18+9) (build 11.0.18+9-LTS-195)
# Java VM: Java HotSpot(TM) 64-Bit Server VM 18.9 (11.0.18+9-LTS-195, mixed mode, tiered, compressed oops, g1 gc, windows-amd64)
Heap:
 garbage-first heap   total 57344K, used 30194K [0x00000000c9e00000, 0x0000000100000000)
  region size 1024K, 20 young (20480K), 2 survivors (2048K)
 Metaspace       used 25974K, capacity 26296K, committed 26624K, reserved 1073152K
  class space    used 2806K, capacity 2949K, committed 3072K, reserved 1048576K
GC Heap History (6 events):
Event: 7.019 GC heap before
{Heap before GC invocations=0 (full 0):
 garbage-first heap   total 57344K, used 17408K [0x00000000c9e00000, 0x0000000100000000)
  region size 1024K, 14 young (14336K), 0 survivors (0K)
 Metaspace       used 9681K, capacity 9808K, committed 9856K, reserved 1058816K
  class space    used 830K, capacity 885K, committed 896K, reserved 1048576K
}
Event: 7.194 GC heap after
{Heap after GC invocations=1 (full 0):
 garbage-first heap   total 57344K, used 5378K [0x00000000c9e00000, 0x0000000100000000)
  region size 1024K, 2 young (2048K), 2 survivors (2048K)
 Metaspace       used 9681K, capacity 9808K, committed 9856K, reserved 1058816K
  class space    used 830K, capacity 885K, committed 896K, reserved 1048576K
}
Event: 13.252 GC heap before
{Heap before GC invocations=1 (full 0):
 garbage-first heap   total 57344K, used 37122K [0x00000000c9e00000, 0x0000000100000000)
  region size 1024K, 33 young (33792K), 2 survivors (2048K)
 Metaspace       used 16056K, capacity 16239K, committed 16256K, reserved 1064960K
  class space    used 1575K, capacity 1649K, committed 1664K, reserved 1048576K
}
Event: 13.267 GC heap after
{Heap after GC invocations=2 (full 0):
 garbage-first heap   total 57344K, used 8581K [0x00000000c9e00000, 0x0000000100000000)
  region size 1024K, 5 young (5120K), 5 survivors (5120K)
 Metaspace       used 16056K, capacity 16239K, committed 16256K, reserved 1064960K
  class space    used 1575K, capacity 1649K, committed 1664K, reserved 1048576K
}
Event: 17.793 GC heap before
{Heap before GC invocations=2 (full 0):
 garbage-first heap   total 57344K, used 22917K [0x00000000c9e00000, 0x0000000100000000)
  region size 1024K, 20 young (20480K), 5 survivors (5120K)
 Metaspace       used 20753K, capacity 20987K, committed 21248K, reserved 1069056K
  class space    used 2218K, capacity 2280K, committed 2304K, reserved 1048576K
}
Event: 17.811 GC heap after
{Heap after GC invocations=3 (full 0):
 garbage-first heap   total 57344K, used 9714K [0x00000000c9e00000, 0x0000000100000000)
  region size 1024K, 2 young (2048K), 2 survivors (2048K)
 Metaspace       used 20753K, capacity 20987K, committed 21248K, reserved 1069056K
  class space    used 2218K, capacity 2280K, committed 2304K, reserved 1048576K
}

