# JRE version: Java(TM) SE Runtime Environment 18.9 (11.0.18+9) (build 11.0.18+9-LTS-195)
# Java VM: Java HotSpot(TM) 64-Bit Server VM 18.9 (11.0.18+9-LTS-195, mixed mode, tiered, compressed oops, g1 gc, windows-amd64)
Heap:
 garbage-first heap   total 382976K, used 252287K [0x0000000080000000, 0x0000000100000000)
  region size 1024K, 37 young (37888K), 6 survivors (6144K)
 Metaspace       used 120824K, capacity 124869K, committed 124928K, reserved 624640K
  class space    used 15752K, capacity 17363K, committed 17408K, reserved 516096K
GC Heap History (10 events):
Event: 252.316 GC heap before
{Heap before GC invocations=161 (full 0):
 garbage-first heap   total 382976K, used 212418K [0x0000000080000000, 0x0000000100000000)
  region size 1024K, 19 young (19456K), 6 survivors (6144K)
 Metaspace       used 117868K, capacity 121855K, committed 121984K, reserved 622592K
  class space    used 15382K, capacity 16972K, committed 17024K, reserved 516096K
}
Event: 252.329 GC heap after
{Heap after GC invocations=162 (full 0):
 garbage-first heap   total 382976K, used 202090K [0x0000000080000000, 0x0000000100000000)
  region size 1024K, 2 young (2048K), 2 survivors (2048K)
 Metaspace       used 117868K, capacity 121855K, committed 121984K, reserved 622592K
  class space    used 15382K, capacity 16972K, committed 17024K, reserved 516096K
}
Event: 262.834 GC heap before
{Heap before GC invocations=163 (full 0):
 garbage-first heap   total 382976K, used 288106K [0x0000000080000000, 0x0000000100000000)
  region size 1024K, 82 young (83968K), 2 survivors (2048K)
 Metaspace       used 119553K, capacity 123522K, committed 123776K, reserved 622592K
  class space    used 15599K, capacity 17159K, committed 17280K, reserved 516096K
}
Event: 262.938 GC heap after
{Heap after GC invocations=164 (full 0):
 garbage-first heap   total 382976K, used 210292K [0x0000000080000000, 0x0000000100000000)
  region size 1024K, 10 young (10240K), 10 survivors (10240K)
 Metaspace       used 119553K, capacity 123522K, committed 123776K, reserved 622592K
  class space    used 15599K, capacity 17159K, committed 17280K, reserved 516096K
}
Event: 267.322 GC heap before
{Heap before GC invocations=164 (full 0):
 garbage-first heap   total 382976K, used 234868K [0x0000000080000000, 0x0000000100000000)
  region size 1024K, 35 young (35840K), 10 survivors (10240K)
 Metaspace       used 119865K, capacity 123963K, committed 124032K, reserved 624640K
  class space    used 15628K, capacity 17214K, committed 17280K, reserved 516096K
}
Event: 267.400 GC heap after
{Heap after GC invocations=165 (full 0):
 garbage-first heap   total 382976K, used 213687K [0x0000000080000000, 0x0000000100000000)
  region size 1024K, 4 young (4096K), 4 survivors (4096K)
 Metaspace       used 119865K, capacity 123963K, committed 124032K, reserved 624640K
  class space    used 15628K, capacity 17214K, committed 17280K, reserved 516096K
}
Event: 273.151 GC heap before
{Heap before GC invocations=166 (full 0):
 garbage-first heap   total 382976K, used 264887K [0x0000000080000000, 0x0000000100000000)
  region size 1024K, 48 young (49152K), 4 survivors (4096K)
 Metaspace       used 119883K, capacity 123966K, committed 124032K, reserved 624640K
  class space    used 15628K, capacity 17214K, committed 17280K, reserved 516096K
}
Event: 273.217 GC heap after
{Heap after GC invocations=167 (full 0):
 garbage-first heap   total 382976K, used 215926K [0x0000000080000000, 0x0000000100000000)
  region size 1024K, 6 young (6144K), 6 survivors (6144K)
 Metaspace       used 119883K, capacity 123966K, committed 124032K, reserved 624640K
  class space    used 15628K, capacity 17214K, committed 17280K, reserved 516096K
}
Event: 278.409 GC heap before
{Heap before GC invocations=168 (full 0):
 garbage-first heap   total 382976K, used 253814K [0x0000000080000000, 0x0000000100000000)
  region size 1024K, 41 young (41984K), 6 survivors (6144K)
 Metaspace       used 120181K, capacity 124245K, committed 124416K, reserved 624640K
  class space    used 15659K, capacity 17283K, committed 17408K, reserved 516096K
}
Event: 278.505 GC heap after
{Heap after GC invocations=169 (full 0):
 garbage-first heap   total 382976K, used 218495K [0x0000000080000000, 0x0000000100000000)
  region size 1024K, 6 young (6144K), 6 survivors (6144K)
 Metaspace       used 120181K, capacity 124245K, committed 124416K, reserved 624640K
  class space    used 15659K, capacity 17283K, committed 17408K, reserved 516096K
}

